<?xml version="1.0" encoding="UTF-8"?>
<!-- Generated by org.testng.reporters.JUnitReportReporter -->
<testsuite name="Unbxd_EC.Unbxd_EC.AppTest" tests="1" time="18.396" ignored="0" failures="0" timestamp="22 May 2019 06:18:41 GMT" skipped="0" hostname="Navjots-MacBook-Pro.local" errors="0">
  <testcase name="testDemo" time="18.396" classname="Unbxd_EC.Unbxd_EC.AppTest"/>
</testsuite> <!-- Unbxd_EC.Unbxd_EC.AppTest -->
