<?xml version="1.0" encoding="UTF-8"?>
<!-- Generated by org.testng.reporters.JUnitReportReporter -->
<testsuite name="Unbxd_EC.Unbxd_EC.AppTest" tests="1" time="18.529" ignored="0" failures="0" timestamp="21 May 2019 10:34:01 GMT" skipped="0" hostname="Navjots-MacBook-Pro.local" errors="0">
  <testcase name="testDemo" time="18.529" classname="Unbxd_EC.Unbxd_EC.AppTest"/>
</testsuite> <!-- Unbxd_EC.Unbxd_EC.AppTest -->
